<?xml version="1.0" encoding="UTF-8"?>
<testsuite xmlns:xsi="http://www.w3.org/2001/XMLSchema-instance" xsi:noNamespaceSchemaLocation="https://maven.apache.org/surefire/maven-surefire-plugin/xsd/surefire-test-report-3.0.xsd" version="3.0" name="TestSuite" time="2.798" tests="2" errors="0" skipped="0" failures="0">
  <properties>
[...]
</properties>
  <testcase name="testcase1" classname="MVNTestNGPKG.MVNTestNGPGM" time="0.437">
    <system-out><![CDATA[This is my Pre-conditions Area
I need a valid application URL
This is my Test Area 1
My current page is: About Selenium | Selenium
]]></system-out>
    <system-err><![CDATA[Starting ChromeDriver 116.0.5845.96 (1a391816688002153ef791ffe60d9e899a71a037-refs/branch-heads/5845@{#1382}) on port 33143
Only local connections are allowed.
Please see https://chromedriver.chromium.org/security-considerations for suggestions on keeping ChromeDriver safe.
ChromeDriver was started successfully.
Sept 06, 2023 12:08:39 AM org.openqa.selenium.remote.ProtocolHandshake createSession
INFO: Detected dialect: W3C
]]></system-err>
  </testcase>
  <testcase name="testcase2" classname="MVNTestNGPKG.MVNTestNGPGM" time="0.0">
    <system-out><![CDATA[Close the application URL
I need a valid application URL
This is my Test Area 2
]]></system-out>
  </testcase>
</testsuite>