<?xml version="1.0" encoding="UTF-8"?>
<testng-results ignored="0" total="2" passed="2" failed="0" skipped="0">
  <reporter-output>
  </reporter-output>
  <suite started-at="2023-09-06T00:08:38 BST" name="Demo Test Suite" finished-at="2023-09-06T00:08:41 BST" duration-ms="2376">
    <groups>
    </groups>
    <test started-at="2023-09-06T00:08:38 BST" name="MVN TestNG Test Demo" finished-at="2023-09-06T00:08:41 BST" duration-ms="2376">
      <class name="MVNTestNGPKG.MVNTestNGPGM">
        <test-method is-config="true" signature="beforeClass()[pri:0, instance:MVNTestNGPKG.MVNTestNGPGM@201a4587]" started-at="2023-09-06T00:08:38 BST" name="beforeClass" finished-at="2023-09-06T00:08:40 BST" duration-ms="1908" status="PASS">
          <reporter-output>
          </reporter-output>
        </test-method> <!-- beforeClass -->
        <test-method is-config="true" signature="beforeMethod()[pri:0, instance:MVNTestNGPKG.MVNTestNGPGM@201a4587]" started-at="2023-09-06T00:08:40 BST" name="beforeMethod" finished-at="2023-09-06T00:08:40 BST" duration-ms="1" status="PASS">
          <reporter-output>
          </reporter-output>
        </test-method> <!-- beforeMethod -->
        <test-method signature="testcase1()[pri:0, instance:MVNTestNGPKG.MVNTestNGPGM@201a4587]" started-at="2023-09-06T00:08:40 BST" name="testcase1" finished-at="2023-09-06T00:08:40 BST" duration-ms="436" status="PASS">
          <reporter-output>
          </reporter-output>
        </test-method> <!-- testcase1 -->
        <test-method is-config="true" signature="afterMethod()[pri:0, instance:MVNTestNGPKG.MVNTestNGPGM@201a4587]" started-at="2023-09-06T00:08:41 BST" name="afterMethod" finished-at="2023-09-06T00:08:41 BST" duration-ms="0" status="PASS">
          <reporter-output>
          </reporter-output>
        </test-method> <!-- afterMethod -->
        <test-method signature="testcase2()[pri:0, instance:MVNTestNGPKG.MVNTestNGPGM@201a4587]" started-at="2023-09-06T00:08:41 BST" name="testcase2" finished-at="2023-09-06T00:08:41 BST" duration-ms="0" status="PASS">
          <reporter-output>
          </reporter-output>
        </test-method> <!-- testcase2 -->
        <test-method is-config="true" signature="beforeMethod()[pri:0, instance:MVNTestNGPKG.MVNTestNGPGM@201a4587]" started-at="2023-09-06T00:08:41 BST" name="beforeMethod" finished-at="2023-09-06T00:08:41 BST" duration-ms="0" status="PASS">
          <reporter-output>
          </reporter-output>
        </test-method> <!-- beforeMethod -->
        <test-method is-config="true" signature="afterMethod()[pri:0, instance:MVNTestNGPKG.MVNTestNGPGM@201a4587]" started-at="2023-09-06T00:08:41 BST" name="afterMethod" finished-at="2023-09-06T00:08:41 BST" duration-ms="0" status="PASS">
          <reporter-output>
          </reporter-output>
        </test-method> <!-- afterMethod -->
        <test-method is-config="true" signature="afterClass()[pri:0, instance:MVNTestNGPKG.MVNTestNGPGM@201a4587]" started-at="2023-09-06T00:08:41 BST" name="afterClass" finished-at="2023-09-06T00:08:41 BST" duration-ms="0" status="PASS">
          <reporter-output>
          </reporter-output>
        </test-method> <!-- afterClass -->
      </class> <!-- MVNTestNGPKG.MVNTestNGPGM -->
    </test> <!-- MVN TestNG Test Demo -->
  </suite> <!-- Demo Test Suite -->
</testng-results>
